<?xml version="1.0" encoding="UTF-8"?>
<testsuite errors="0" failures="0" hostname="irobot" name="CasinoTest" tests="1" time="0.298" timestamp="2012-02-18T15:54:09">
  <properties />
  <testcase classname="CasinoTest" name="test1" time="0.1" />
  <system-out><![CDATA[]]></system-out>
  <system-err><![CDATA[]]></system-err>
</testsuite>
